<?xml version="1.0" encoding="UTF-8"?>
<!-- Generated by org.testng.reporters.JUnitXMLReporter -->
<testsuite ignored="0" hostname="Kivanc1Hp" failures="0" tests="3" name="Test" time="18.027" errors="0" timestamp="2020-04-23T01:39:56 EET">
  <testcase classname="listeners.TestNGListenerDemo" name="test1" time="0.008"/>
  <testcase classname="listeners.TestNGListenerDemo" name="test2" time="17.98"/>
  <testcase classname="listeners.TestNGListenerDemo" name="test3" time="0.002">
    <skipped/>
  </testcase> <!-- test3 -->
</testsuite> <!-- Test -->
