<?xml version="1.0" encoding="UTF-8"?>
<testng-results ignored="0" total="1" passed="1" failed="0" skipped="0">
  <reporter-output>
  </reporter-output>
  <suite started-at="2020-04-26T18:49:33 EET" name="Default suite" finished-at="2020-04-26T18:49:52 EET" duration-ms="18884">
    <groups>
    </groups>
    <test started-at="2020-04-26T18:49:33 EET" name="Default test" finished-at="2020-04-26T18:49:52 EET" duration-ms="18884">
      <class name="demo.KatalonTestOrnek">
        <test-method is-config="true" signature="setUp()[pri:0, instance:demo.KatalonTestOrnek@5acf93bb]" started-at="2020-04-26T18:49:33 EET" name="setUp" finished-at="2020-04-26T18:49:45 EET" duration-ms="12008" status="PASS">
          <reporter-output>
          </reporter-output>
        </test-method> <!-- setUp -->
        <test-method signature="testUntitledTestCase()[pri:0, instance:demo.KatalonTestOrnek@5acf93bb]" started-at="2020-04-26T18:49:45 EET" name="testUntitledTestCase" finished-at="2020-04-26T18:49:51 EET" duration-ms="6040" status="PASS">
          <reporter-output>
          </reporter-output>
        </test-method> <!-- testUntitledTestCase -->
        <test-method is-config="true" signature="tearDown()[pri:0, instance:demo.KatalonTestOrnek@5acf93bb]" started-at="2020-04-26T18:49:51 EET" name="tearDown" finished-at="2020-04-26T18:49:52 EET" duration-ms="802" status="PASS">
          <reporter-output>
          </reporter-output>
        </test-method> <!-- tearDown -->
      </class> <!-- demo.KatalonTestOrnek -->
    </test> <!-- Default test -->
  </suite> <!-- Default suite -->
</testng-results>
